Using pre-set license
Built from '2021.2/staging' branch; Version is '2021.2.8f1 (d0e5f0a7b06a) revision 13690352'; Using compiler version '192829333'; Build Type 'Release'
OS: 'Windows 10  (10.0.19043) 64bit CoreSingleLanguage' Language: 'en' Physical Memory: 16234 MB
BatchMode: 1, IsHumanControllingUs: 0, StartBugReporterOnCrash: 0, Is64bit: 1, IsPro: 0

COMMAND LINE ARGUMENTS:
C:\Program Files\Unity\Hub\Editor\2021.2.8f1\Editor\Unity.exe
-adb2
-batchMode
-noUpm
-name
AssetImportWorker0
-projectPath
D:/Github Repositories/FYP_Game-main
-logFile
Logs/AssetImportWorker0.log
-srvPort
50095
Successfully changed project path to: D:/Github Repositories/FYP_Game-main
D:/Github Repositories/FYP_Game-main
[UnityMemory] Configuration Parameters - Can be set up in boot.config
    "memorysetup-bucket-allocator-granularity=16"
    "memorysetup-bucket-allocator-bucket-count=8"
    "memorysetup-bucket-allocator-block-size=33554432"
    "memorysetup-bucket-allocator-block-count=8"
    "memorysetup-main-allocator-block-size=16777216"
    "memorysetup-thread-allocator-block-size=16777216"
    "memorysetup-gfx-main-allocator-block-size=16777216"
    "memorysetup-gfx-thread-allocator-block-size=16777216"
    "memorysetup-cache-allocator-block-size=4194304"
    "memorysetup-typetree-allocator-block-size=2097152"
    "memorysetup-profiler-bucket-allocator-granularity=16"
    "memorysetup-profiler-bucket-allocator-bucket-count=8"
    "memorysetup-profiler-bucket-allocator-block-size=33554432"
    "memorysetup-profiler-bucket-allocator-block-count=8"
    "memorysetup-profiler-allocator-block-size=16777216"
    "memorysetup-profiler-editor-allocator-block-size=1048576"
    "memorysetup-temp-allocator-size-main=16777216"
    "memorysetup-job-temp-allocator-block-size=2097152"
    "memorysetup-job-temp-allocator-block-size-background=1048576"
    "memorysetup-job-temp-allocator-reduction-small-platforms=262144"
    "memorysetup-temp-allocator-size-background-worker=32768"
    "memorysetup-temp-allocator-size-job-worker=262144"
    "memorysetup-temp-allocator-size-preload-manager=33554432"
    "memorysetup-temp-allocator-size-nav-mesh-worker=65536"
    "memorysetup-temp-allocator-size-audio-worker=65536"
    "memorysetup-temp-allocator-size-cloud-worker=32768"
    "memorysetup-temp-allocator-size-gi-baking-worker=262144"
    "memorysetup-temp-allocator-size-gfx=262144"
Refreshing native plugins compatible for Editor in 45.20 ms, found 3 plugins.
Preloading 0 native plugins for Editor in 0.00 ms.
Initialize engine version: 2021.2.8f1 (d0e5f0a7b06a)
[Subsystems] Discovering subsystems at path C:/Program Files/Unity/Hub/Editor/2021.2.8f1/Editor/Data/Resources/UnitySubsystems
[Subsystems] Discovering subsystems at path D:/Github Repositories/FYP_Game-main/Assets
GfxDevice: creating device client; threaded=0; jobified=0
Direct3D:
    Version:  Direct3D 11.0 [level 11.1]
    Renderer: NVIDIA GeForce GTX 1060 (ID=0x1c20)
    Vendor:   NVIDIA
    VRAM:     6052 MB
    Driver:   30.0.15.1123
Initialize mono
Mono path[0] = 'C:/Program Files/Unity/Hub/Editor/2021.2.8f1/Editor/Data/Managed'
Mono path[1] = 'C:/Program Files/Unity/Hub/Editor/2021.2.8f1/Editor/Data/MonoBleedingEdge/lib/mono/unityjit-win32'
Mono config path = 'C:/Program Files/Unity/Hub/Editor/2021.2.8f1/Editor/Data/MonoBleedingEdge/etc'
Using monoOptions --debugger-agent=transport=dt_socket,embedding=1,server=y,suspend=n,address=127.0.0.1:56984
Begin MonoManager ReloadAssembly
Registering precompiled unity dll's ...
Register platform support module: C:/Program Files/Unity/Hub/Editor/2021.2.8f1/Editor/Data/PlaybackEngines/WindowsStandaloneSupport/UnityEditor.WindowsStandalone.Extensions.dll
Registered in 0.009060 seconds.
Native extension for WindowsStandalone target not found
Refreshing native plugins compatible for Editor in 40.15 ms, found 3 plugins.
Preloading 0 native plugins for Editor in 0.00 ms.
Mono: successfully reloaded assembly
- Completed reload, in  0.636 seconds
Domain Reload Profiling:
	ReloadAssembly (637ms)
		BeginReloadAssembly (82ms)
			ExecutionOrderSort (0ms)
			DisableScriptedObjects (0ms)
			BackupInstance (0ms)
			ReleaseScriptingObjects (0ms)
			CreateAndSetChildDomain (1ms)
		EndReloadAssembly (462ms)
			LoadAssemblies (79ms)
			RebuildTransferFunctionScriptingTraits (0ms)
			SetupTypeCache (112ms)
			ReleaseScriptCaches (0ms)
			RebuildScriptCaches (33ms)
			SetupLoadedEditorAssemblies (260ms)
				LogAssemblyErrors (0ms)
				InitializePlatformSupportModulesInManaged (17ms)
				SetLoadedEditorAssemblies (0ms)
				RefreshPlugins (40ms)
				BeforeProcessingInitializeOnLoad (1ms)
				ProcessInitializeOnLoadAttributes (149ms)
				ProcessInitializeOnLoadMethodAttributes (53ms)
				AfterProcessingInitializeOnLoad (0ms)
				EditorAssembliesLoaded (0ms)
			ExecutionOrderSort2 (0ms)
			AwakeInstancesAfterBackupRestoration (0ms)
Platform modules already initialized, skipping
Registering precompiled user dll's ...
Registered in 0.004492 seconds.
Begin MonoManager ReloadAssembly
Native extension for WindowsStandalone target not found
Refreshing native plugins compatible for Editor in 41.47 ms, found 3 plugins.
Preloading 0 native plugins for Editor in 0.00 ms.
Mono: successfully reloaded assembly
- Completed reload, in  1.903 seconds
Domain Reload Profiling:
	ReloadAssembly (1904ms)
		BeginReloadAssembly (132ms)
			ExecutionOrderSort (0ms)
			DisableScriptedObjects (6ms)
			BackupInstance (0ms)
			ReleaseScriptingObjects (0ms)
			CreateAndSetChildDomain (22ms)
		EndReloadAssembly (1664ms)
			LoadAssemblies (88ms)
			RebuildTransferFunctionScriptingTraits (0ms)
			SetupTypeCache (228ms)
			ReleaseScriptCaches (0ms)
			RebuildScriptCaches (53ms)
			SetupLoadedEditorAssemblies (1233ms)
				LogAssemblyErrors (0ms)
				InitializePlatformSupportModulesInManaged (13ms)
				SetLoadedEditorAssemblies (0ms)
				RefreshPlugins (42ms)
				BeforeProcessingInitializeOnLoad (68ms)
				ProcessInitializeOnLoadAttributes (1026ms)
				ProcessInitializeOnLoadMethodAttributes (74ms)
				AfterProcessingInitializeOnLoad (10ms)
				EditorAssembliesLoaded (0ms)
			ExecutionOrderSort2 (0ms)
			AwakeInstancesAfterBackupRestoration (21ms)
Platform modules already initialized, skipping
========================================================================
Worker process is ready to serve import requests
Launched and connected shader compiler UnityShaderCompiler.exe after 0.13 seconds
Refreshing native plugins compatible for Editor in 0.58 ms, found 3 plugins.
Preloading 0 native plugins for Editor in 0.00 ms.
Unloading 2331 Unused Serialized files (Serialized files now loaded: 0)
Unloading 33 unused Assets / (56.0 KB). Loaded Objects now: 2792.
Memory consumption went from 107.3 MB to 107.3 MB.
Total: 10.476300 ms (FindLiveObjects: 0.725500 ms CreateObjectMapping: 1.105700 ms MarkObjects: 8.493200 ms  DeleteObjects: 0.148300 ms)

AssetImportParameters requested are different than current active one (requested -> active):
  custom:video-decoder-ogg-theora: a1e56fd34408186e4bbccfd4996cb3dc -> 
  custom:container-muxer-webm: aa71ff27fc2769a1b78a27578f13a17b -> 
  custom:container-demuxer-webm: 4f35f7cbe854078d1ac9338744f61a02 -> 
  custom:video-encoder-webm-vp8: eb34c28f22e8b96e1ab97ce403110664 -> 
  custom:video-codec-MediaFoundation-h265: 746d11721c4dcdbdad8f713fa42b33f4 -> 
  custom:audio-encoder-webm-vorbis: bf7c407c2cedff20999df2af8eb42d56 -> 
  custom:framework-win-MediaFoundation: 216162199b28c13a410421893ffa2e32 -> 
  custom:container-demuxer-ogg: 62fdf1f143b41e24485cea50d1cbac27 -> 
  custom:video-decoder-webm-vp8: 9c59270c3fd7afecdb556c50c9e8de78 -> 
  custom:audio-decoder-ogg-vorbis: bf7c407c2cedff20999df2af8eb42d56 -> 
========================================================================
Received Import Request.
  Time since last request: 3156.425119 seconds.
  path: Assets/Art/Hawker_Stall.png
  artifactKey: Guid(2330fff5f92a1654098ebdba3c26fc07) Importer(815301076,1909f56bfc062723c751e8b465ee728b)
Start importing Assets/Art/Hawker_Stall.png using Guid(2330fff5f92a1654098ebdba3c26fc07) Importer(815301076,1909f56bfc062723c751e8b465ee728b)  -> (artifact id: '194ee6a56ad7e818567eb31512a270d2') in 0.409837 seconds 
========================================================================
Received Import Request.
  Time since last request: 3870.086864 seconds.
  path: Assets/Art/Stall.png
  artifactKey: Guid(28aba29d7923b824a902f95625aa77aa) Importer(815301076,1909f56bfc062723c751e8b465ee728b)
Start importing Assets/Art/Stall.png using Guid(28aba29d7923b824a902f95625aa77aa) Importer(815301076,1909f56bfc062723c751e8b465ee728b)  -> (artifact id: '43ed527aa0d414d5cf48d8cb0351fb21') in 0.085690 seconds 
========================================================================
Received Import Request.
  Time since last request: 315.523715 seconds.
  path: Assets/Art/Palette
  artifactKey: Guid(bbb5b61436867a842b31ddbd743f3f41) Importer(815301076,1909f56bfc062723c751e8b465ee728b)
Start importing Assets/Art/Palette using Guid(bbb5b61436867a842b31ddbd743f3f41) Importer(815301076,1909f56bfc062723c751e8b465ee728b)  -> (artifact id: 'ae11366755f9962fcfb57a0d349fcefb') in 0.007358 seconds 
========================================================================
Received Import Request.
  Time since last request: 4.471736 seconds.
  path: Assets/Art/Tiles
  artifactKey: Guid(3fdd58be091bcf643a342a6d7bdaa49c) Importer(815301076,1909f56bfc062723c751e8b465ee728b)
Start importing Assets/Art/Tiles using Guid(3fdd58be091bcf643a342a6d7bdaa49c) Importer(815301076,1909f56bfc062723c751e8b465ee728b)  -> (artifact id: '67b870cecdbea167867d9a7750d7842d') in 0.006069 seconds 
========================================================================
Received Import Request.
  Time since last request: 5.272171 seconds.
  path: Assets/Art/Tilemap
  artifactKey: Guid(3fdd58be091bcf643a342a6d7bdaa49c) Importer(815301076,1909f56bfc062723c751e8b465ee728b)
Start importing Assets/Art/Tilemap using Guid(3fdd58be091bcf643a342a6d7bdaa49c) Importer(815301076,1909f56bfc062723c751e8b465ee728b)  -> (artifact id: '24504b93adb098458fd89f7a79e2a137') in 0.005592 seconds 
========================================================================
Received Import Request.
  Time since last request: 63.355515 seconds.
  path: Assets/Art/Hawker_Stall.asset
  artifactKey: Guid(976c21a55c2c24b4687d6ea9baf94db3) Importer(815301076,1909f56bfc062723c751e8b465ee728b)
Start importing Assets/Art/Hawker_Stall.asset using Guid(976c21a55c2c24b4687d6ea9baf94db3) Importer(815301076,1909f56bfc062723c751e8b465ee728b)  -> (artifact id: '3fa6a6112590316f86d8a577f8969e35') in 0.071989 seconds 
========================================================================
Received Import Request.
  Time since last request: 28.292896 seconds.
  path: Assets/Art/Tilemap/Tiles
  artifactKey: Guid(d41063e5543f3a340a1690daa676383a) Importer(815301076,1909f56bfc062723c751e8b465ee728b)
Start importing Assets/Art/Tilemap/Tiles using Guid(d41063e5543f3a340a1690daa676383a) Importer(815301076,1909f56bfc062723c751e8b465ee728b)  -> (artifact id: '8706dea8a6bd4cfe6527d88efd623f49') in 0.005749 seconds 
========================================================================
Received Import Request.
  Time since last request: 0.990633 seconds.
  path: Assets/Art/Tilemap/Palette/Test.prefab
  artifactKey: Guid(6c8e3b1c0d360ab48a5e63820250a082) Importer(815301076,1909f56bfc062723c751e8b465ee728b)
Start importing Assets/Art/Tilemap/Palette/Test.prefab using Guid(6c8e3b1c0d360ab48a5e63820250a082) Importer(815301076,1909f56bfc062723c751e8b465ee728b)  -> (artifact id: '62ac4f68440de4510282a8e90db85778') in 0.056625 seconds 
========================================================================
Received Import Request.
  Time since last request: 20.803254 seconds.
  path: Assets/Art/Tilemap/Palette/Test.prefab
  artifactKey: Guid(6c8e3b1c0d360ab48a5e63820250a082) Importer(815301076,1909f56bfc062723c751e8b465ee728b)
Start importing Assets/Art/Tilemap/Palette/Test.prefab using Guid(6c8e3b1c0d360ab48a5e63820250a082) Importer(815301076,1909f56bfc062723c751e8b465ee728b)  -> (artifact id: '5bd04a906bf363931465dfeec7b78a5a') in 0.012906 seconds 
